<?xml version="1.0" encoding="UTF-8"?>
<!-- Generated by org.testng.reporters.JUnitXMLReporter -->
<testsuite hostname="LM-MAA-22004648" ignored="0" name="Jira API testing" tests="3" failures="0" timestamp="29 Jul 2018 17:01:10 GMT" time="13.625" errors="0">
  <testcase name="createIssue" time="8.891" classname="RestAssured.Create_Issue_Jira"/>
  <testcase name="Add_attachmentTo_issue" time="2.349" classname="RestAssured.Add_Attachement_Jira"/>
  <testcase name="sendMessage" time="2.353" classname="RestAssured.Post_Message_Slack"/>
</testsuite> <!-- Jira API testing -->
