<?xml version="1.0" encoding="UTF-8"?>
<testng-results skipped="0" failed="0" ignored="0" total="1" passed="1">
  <reporter-output>
  </reporter-output>
  <suite name="TMIS" duration-ms="4262" started-at="2018-09-04T09:35:50Z" finished-at="2018-09-04T09:35:54Z">
    <groups>
    </groups>
    <test name="Default test" duration-ms="4262" started-at="2018-09-04T09:35:50Z" finished-at="2018-09-04T09:35:54Z">
      <class name="RestAssured.readJSON">
        <test-method status="PASS" signature="readAPI()[pri:0, instance:RestAssured.readJSON@26be92ad]" name="readAPI" duration-ms="4235" started-at="2018-09-04T15:05:50Z" finished-at="2018-09-04T15:05:54Z">
          <reporter-output>
          </reporter-output>
        </test-method> <!-- readAPI -->
      </class> <!-- RestAssured.readJSON -->
    </test> <!-- Default test -->
  </suite> <!-- TMIS -->
</testng-results>
